


ARM Macro Assembler    Page 1 


    1 00000000         ; Filename : ascii2num.s 
    2 00000000         ; Date : 18. April, 2018
    3 00000000         ; input :  
    4 00000000         ;
    5 00000000                 area             ascii2num_code, code
    6 00000000                 export           ascii2num
    7 00000000                 entry
    8 00000000         ;------------------------------------ 
    9 00000000         ascii2num
                               proc
   10 00000000 B57F            stmfd            sp!,{r0-r6, lr} ; push to remai
                                                            n context
   11 00000002         ;-------------------------------------
   12 00000002 9808            ldr              r0, [sp, #32] ; get decimal str
                                                            ing "1234"  -> resu
                                                            lt r0 =0x34333231
   13 00000004 F04F 0200       ldr              r2, =0
   14 00000008 F000 6170       and              r1, r0, #0x0F000000
   15 0000000C EA4F 6211       lsr              r2,  r1, #24
   16 00000010 F400 2170       and              r1, r0, #0x000F0000
   17 00000014 F04F 060A       ldr              r6, =10     ; dec 100
   18 00000018 EA4F 4111       lsr              r1, r1, #16
   19 0000001C FB06 F301       mul              r3, r6, r1  ; r3 = 0x2 * 100
   20 00000020 F400 6170       and              r1, r0, #0x00000F00
   21 00000024 F04F 0664       ldr              r6, =100    ; dec 10 
   22 00000028 EA4F 2111       lsr              r1, r1, #8
   23 0000002C FB06 F401       mul              r4, r6, r1  ; r4 = 0x3 * 10
   24 00000030 F000 010F       and              r1, r0, #0x0000000F
   25 00000034 F44F 767A       ldr              r6, =1000
   26 00000038 FB06 F501       mul              r5, r6, r1
   27 0000003C 4415            add              r5, r5, r2
   28 0000003E 441D            add              r5, r5, r3
   29 00000040 4425            add              r5, r5, r4  ; r5 = r1 + r2 + r3
                                                             + r4
   30 00000042         ; ---------- parameter passing by stack 
   31 00000042 9508            str              r5, [sp, #32] ;  
   32 00000044         ;-----------ready to return 
   33 00000044 BD7F            ldmfd            sp!,{r0-r6, pc} ; pop to remain
                                                             context 
   34 00000046                 endp
   35 00000046                 end
Command Line: --debug --xref --cpu=Cortex-M3 --apcs=interwork --depend=.\ascii2
num.d -o.\ascii2num.o -ID:\keil\ARM\RV31\INC -ID:\keil\ARM\CMSIS\Include -ID:\k
eil\ARM\Inc\ST\STM32F10x --predefine="__EVAL SETA 1" --list=.\ascii2num.lst asc
ii2num.s



ARM Macro Assembler    Page 1 Alphabetic symbol ordering
Relocatable symbols

ascii2num 00000000

Symbol: ascii2num
   Definitions
      At line 9 in file ascii2num.s
   Uses
      At line 6 in file ascii2num.s
Comment: ascii2num used once
ascii2num_code 00000000

Symbol: ascii2num_code
   Definitions
      At line 5 in file ascii2num.s
   Uses
      None
Comment: ascii2num_code unused
2 symbols
333 symbols in table
