


ARM Macro Assembler    Page 1 


    1 00000000                 area             num2ascii_code, code
    2 00000000                 export           num2ascii
    3 00000000                 entry
    4 00000000         ;------------------------------------ 
    5 00000000         num2ascii
                               proc
    6 00000000 B5FF            stmfd            sp!,{r0-r7, lr}
    7 00000002         ;------------------------------------ 
    8 00000002 9809            ldr              r0, [sp, #36] ; load the hex nu
                                                            mber from the stack
                                                             
    9 00000004 4912            ldr              r1, =ascii_table
   10 00000006         ;------------------------------------ 
   11 00000006 F000 020F       and              r2, r0, #0x0000000F
   12 0000000A 5C8B            ldrb             r3, [r1, r2]
   13 0000000C EA4F 2303       lsl              r3, r3, #8
   14 00000010 F000 02F0       and              r2, r0, #0x000000F0
   15 00000014 EA4F 1212       lsr              r2, r2, #4
   16 00000018 5C8A            ldrb             r2, [r1, r2]
   17 0000001A 4413            add              r3, r3, r2
   18 0000001C EA4F 2303       lsl              r3, r3, #8
   19 00000020 F400 6270       and              r2, r0, #0x00000F00
   20 00000024 EA4F 2212       lsr              r2, r2, #8
   21 00000028 5C8A            ldrb             r2, [r1, r2]
   22 0000002A 4413            add              r3, r3, r2
   23 0000002C EA4F 2303       lsl              r3, r3, #8
   24 00000030 F400 4270       and              r2, r0, #0x0000F000
   25 00000034 EA4F 3212       lsr              r2, r2, #12
   26 00000038 5C8A            ldrb             r2, [r1, r2]
   27 0000003A 4413            add              r3, r3, r2
   28 0000003C 9309            str              r3, [sp, #36]
   29 0000003E BDFF            ldmfd            sp!,{r0-r7, pc} ;
   30 00000040         ascii_table                          ; table for hexnumb
                                                            er to ascii 
   31 00000040 30              dcb              0x30        ;0 
   32 00000041 31              dcb              0x31        ;1 
   33 00000042 32              dcb              0x32        ;2 
   34 00000043 33              dcb              0x33        ;3 
   35 00000044 34              dcb              0x34        ;4 
   36 00000045 35              dcb              0x35        ;5 
   37 00000046 36              dcb              0x36        ;6 
   38 00000047 37              dcb              0x37        ;7 
   39 00000048 38              dcb              0x38        ;8 
   40 00000049 39              dcb              0x39        ;9 
   41 0000004A 41              dcb              0x41        ;A 
   42 0000004B 42              dcb              0x42        ;B 
   43 0000004C 43              dcb              0x43        ;C 
   44 0000004D 44              dcb              0x44        ;D 
   45 0000004E 45              dcb              0x45        ;E 
   46 0000004F 46              dcb              0x46        ;F 
   47 00000050                 align
   48 00000050                 endp
   49 00000050 00000000        area             asc_table
   50 00000000                 end
Command Line: --debug --xref --cpu=Cortex-M3 --apcs=interwork --depend=.\num2as
cii.d -o.\num2ascii.o -ID:\keil\ARM\RV31\INC -ID:\keil\ARM\CMSIS\Include -ID:\k
eil\ARM\Inc\ST\STM32F10x --predefine="__EVAL SETA 1" --list=.\num2ascii.lst num
2ascii.s



ARM Macro Assembler    Page 1 Alphabetic symbol ordering
Relocatable symbols

ascii_table 00000040

Symbol: ascii_table
   Definitions
      At line 30 in file num2ascii.s
   Uses
      At line 9 in file num2ascii.s
Comment: ascii_table used once
num2ascii 00000000

Symbol: num2ascii
   Definitions
      At line 5 in file num2ascii.s
   Uses
      At line 2 in file num2ascii.s
Comment: num2ascii used once
num2ascii_code 00000000

Symbol: num2ascii_code
   Definitions
      At line 1 in file num2ascii.s
   Uses
      None
Comment: num2ascii_code unused
3 symbols



ARM Macro Assembler    Page 1 Alphabetic symbol ordering
Relocatable symbols

asc_table 00000000

Symbol: asc_table
   Definitions
      At line 49 in file num2ascii.s
   Uses
      None
Comment: asc_table unused
1 symbol
337 symbols in table
